Compiling the C compiler identification source file "CMakeCCompilerId.c" failed.
Compiler: C:/Program Files (x86)/GNU Arm Embedded Toolchain/bin/arm-none-eabi-gcc.exe 
Build flags: 
Id flags:  

The output was:
1
c:/program files (x86)/gnu arm embedded toolchain/bin/../lib/gcc/arm-none-eabi/9.3.1/../../../../arm-none-eabi/bin/ld.exe: c:/program files (x86)/gnu arm embedded toolchain/bin/../lib/gcc/arm-none-eabi/9.3.1/../../../../arm-none-eabi/lib\libc.a(lib_a-exit.o): in function `exit':
exit.c:(.text.exit+0x2c): undefined reference to `_exit'
collect2.exe: error: ld returned 1 exit status


Compiling the CXX compiler identification source file "CMakeCXXCompilerId.cpp" failed.
Compiler: C:/Program Files (x86)/GNU Arm Embedded Toolchain/bin/arm-none-eabi-g++.exe 
Build flags: 
Id flags:  

The output was:
1
c:/program files (x86)/gnu arm embedded toolchain/bin/../lib/gcc/arm-none-eabi/9.3.1/../../../../arm-none-eabi/bin/ld.exe: c:/program files (x86)/gnu arm embedded toolchain/bin/../lib/gcc/arm-none-eabi/9.3.1/../../../../arm-none-eabi/lib\libc.a(lib_a-exit.o): in function `exit':
exit.c:(.text.exit+0x2c): undefined reference to `_exit'
collect2.exe: error: ld returned 1 exit status


Determining if the C compiler works failed with the following output:
Change Dir: C:/msys64/home/Andrew/hello_arm/cmake-build-debug/CMakeFiles/CMakeTmp

Run Build Command(s):C:/msys64/usr/bin/make.exe cmTC_59421/fast && /usr/bin/make  -f CMakeFiles\cmTC_59421.dir\build.make CMakeFiles/cmTC_59421.dir/build
' m T C _ 5 9 4 2 1 . d i r '   i s   n o t   r e c o g n i z e d   a s   a n   i n t e r n a l   o r   e x t e r n a l   c o m m a n d ,  
 o p e r a b l e   p r o g r a m   o r   b a t c h   f i l e .  
 make: *** [Makefile:140: cmTC_59421/fast] Error 1



