ARM GAS  startup.s 			page 1


   1              	
   2              	
   3              		.cpu cortex-m0plus
   4              		.syntax unified
   5              		.thumb 
   6              		.fpu softvfp
   7              	
   8              		.section .vectors
   9              		.align 2
  10              	
  11              		.type _vectors, %object
  12              	_vectors:
  13 0000 00000000 		.long _stack_top
  14 0004 00000000 		.long _start
  15              	
  16 0008 00000000 		.long 0
  17 000c 00000000 		.long 0
  18 0010 00000000 		.long 0
  19 0014 00000000 		.long 0
  20 0018 00000000 		.long 0
  21 001c 00000000 		.long 0
  22 0020 00000000 		.long 0
  23 0024 00000000 		.long 0
  24 0028 00000000 		.long 0
  25 002c 00000000 		.long 0
  26 0030 00000000 		.long 0
  27 0034 00000000 		.long 0
  28 0038 00000000 		.long 0
  29 003c 00000000 		.long 0
  30 0040 00000000 		.long 0
  31 0044 00000000 		.long 0
  32 0048 00000000 		.long 0
  33 004c 00000000 		.long 0
  34 0050 00000000 		.long 0
  35 0054 00000000 		.long 0
  36 0058 00000000 		.long 0
  37 005c 00000000 		.long 0
  38 0060 00000000 		.long 0
  39 0064 00000000 		.long 0
  40 0068 00000000 		.long 0
  41 006c 00000000 		.long 0
  42 0070 00000000 		.long 0
  43 0074 00000000 		.long 0
  44 0078 00000000 		.long 0
  45 007c 00000000 		.long 0
  46 0080 00000000 		.long 0
  47 0084 00000000 		.long 0
  48 0088 00000000 		.long 0
  49 008c 00000000 		.long 0
  50 0090 00000000 		.long 0
  51 0094 00000000 		.long 0
  52 0098 00000000 		.long 0
  53 009c 00000000 		.long 0
  54 00a0 00000000 		.long 0
  55 00a4 00000000 		.long 0
  56 00a8 00000000 		.long 0
  57 00ac 00000000 		.long 0
ARM GAS  startup.s 			page 2


  58 00b0 00000000 		.long 0
  59 00b4 00000000 		.long 0
  60 00b8 00000000 		.long 0
  61 00bc 00000000 		.long 0
  62              	
  63              		.size _vectors, . - _vectors
  64              	
  65              		.text
  66              		.align 1
  67              	
  68              		.type _start, %function
  69              	_start:
  70 0000 FEE7     		b main	
  71              	
  72              		.end
ARM GAS  startup.s 			page 3


DEFINED SYMBOLS
           startup.s:9      .vectors:00000000 $d
           startup.s:12     .vectors:00000000 _vectors
           startup.s:69     .text:00000000 _start
           startup.s:66     .text:00000000 $t

UNDEFINED SYMBOLS
_stack_top
main
